<?xml version="1.0" encoding="UTF-8"?>
<!-- Generated by org.testng.reporters.JUnitReportReporter -->
<testsuite hostname="Praful" failures="0" tests="15" name="runner.RunnerTest" time="12.010" errors="0" timestamp="2025-07-02T20:47:53 IST" skipped="0">
  <testcase classname="runner.RunnerTest" name="runScenario" time="0.544"/>
  <system-out/>
  <testcase classname="runner.RunnerTest" name="runScenario" time="0.553"/>
  <system-out/>
  <testcase classname="runner.RunnerTest" name="runScenario" time="0.629"/>
  <system-out/>
  <testcase classname="runner.RunnerTest" name="runScenario" time="0.575"/>
  <system-out/>
  <testcase classname="runner.RunnerTest" name="runScenario" time="3.403"/>
  <system-out/>
  <testcase classname="runner.RunnerTest" name="runScenario" time="0.712"/>
  <system-out/>
  <testcase classname="runner.RunnerTest" name="runScenario" time="0.555"/>
  <system-out/>
  <testcase classname="runner.RunnerTest" name="runScenario" time="0.556"/>
  <system-out/>
  <testcase classname="runner.RunnerTest" name="runScenario" time="0.557"/>
  <system-out/>
  <testcase classname="runner.RunnerTest" name="runScenario" time="0.544"/>
  <system-out/>
  <testcase classname="runner.RunnerTest" name="runScenario" time="0.602"/>
  <system-out/>
  <testcase classname="runner.RunnerTest" name="runScenario" time="0.713"/>
  <system-out/>
  <testcase classname="runner.RunnerTest" name="runScenario" time="0.800"/>
  <system-out/>
  <testcase classname="runner.RunnerTest" name="runScenario" time="0.632"/>
  <system-out/>
  <testcase classname="runner.RunnerTest" name="runScenario" time="0.635"/>
  <system-out/>
</testsuite> <!-- runner.RunnerTest -->
